[dotenv@17.2.4] injecting env (7) from .env -- tip: 🔐 prevent building .env in docker: https://dotenvx.com/prebuild
Primary process running: 26409
Forking 4 workers...
Redis connected
[dotenv@17.2.4] injecting env (0) from .env -- tip: 🔐 prevent committing .env to code: https://dotenvx.com/precommit
[dotenv@17.2.4] injecting env (0) from .env -- tip: 🗂️ backup and recover secrets: https://dotenvx.com/ops
[dotenv@17.2.4] injecting env (0) from .env -- tip: ⚙️  load multiple .env files with { path: ['.env.local', '.env'] }
[dotenv@17.2.4] injecting env (0) from .env -- tip: 🔐 encrypt with Dotenvx: https://dotenvx.com
Server is running on port 8000
Redis connected
DB Connected ::  localhost
Redis connected
Server is running on port 8000
Redis connected
Server is running on port 8000
Redis connected
DB Connected ::  localhost
Redis connected
Server is running on port 8000
Redis connected
DB Connected ::  localhost
Redis connected
DB Connected ::  localhost
Redis connected
PASSWORD ::  password123
PASSWORD HASH ::  $2b$10$XQ6dX9UaAzOdqHkC8s1kC.pADW7JKF4HLlSJDtTSNjHrrnfXBNBE6
Cache Miss for key: /api/v1/user/get-users
Cache Hit for key: /api/v1/user/get-users
Cache Cleared for key: /api/v1/user/get-users
SAVED USER ::  {
  email: 'testuser@nexushr.com',
  firstName: 'Test',
  lastName: 'User',
  passwordHash: '$2b$10$01ZMg3UBYs/xebazFD.e0.2HdoLuVmAzPblLx9Wgfh4p2G30z9qEa',
  role: 'EMPLOYEE',
  deptId: new ObjectId('69898b28d939f298a954ac84'),
  payroll: [],
  note: 'A test user',
  online: false,
  skills: [ new ObjectId('69898b28d939f298a954ac8c') ],
  _id: new ObjectId('6989d3010f268a92653424d2'),
  refreshTokens: [],
  createdAt: 2026-02-09T12:28:49.883Z,
  updatedAt: 2026-02-09T12:28:49.883Z
}
Cache Miss for key: /api/v1/user/get-users
